--- Actualización de Health API iniciada Tue  4 Nov 04:05:01 CET 2025 ---
✅ android_metadata: 1 filas
✅ steps_record_table: 16906 filas
✅ sqlite_sequence: 13 filas
✅ distance_record_table: 16536 filas
✅ total_calories_burned_record_table: 4836 filas
✅ heart_rate_record_table: 470 filas
✅ heart_rate_record_series_table: 16109 filas
✅ height_record_table: 1 filas
✅ weight_record_table: 1 filas
✅ resting_heart_rate_record_table: 543 filas
✅ exercise_session_record_table: 40 filas
✅ sleep_session_record_table: 18 filas
✅ sleep_stages_table: 341 filas
✅ device_info_table: 1 filas
✅ application_info_table: 10 filas
✅ activity_date_table: 289 filas
✅ health_data_category_priority_table: 5 filas
✅ preference_table: 14 filas
✅ skin_temperature_record_table: 46 filas

🎉 Guardado: ./health_data.json | Tablas: 19
health_data.json actualizado con éxito por tu script.
Reiniciando contenedor health-api-container...
health-api-container
Contenedor reiniciado. Proceso completado.
------------------------------------------------
--- Actualización de Health API iniciada Wed  5 Nov 04:05:01 CET 2025 ---
✅ android_metadata: 1 filas
✅ steps_record_table: 16906 filas
✅ sqlite_sequence: 13 filas
✅ distance_record_table: 16536 filas
✅ total_calories_burned_record_table: 4836 filas
✅ heart_rate_record_table: 470 filas
✅ heart_rate_record_series_table: 16109 filas
✅ height_record_table: 1 filas
✅ weight_record_table: 1 filas
✅ resting_heart_rate_record_table: 543 filas
✅ exercise_session_record_table: 40 filas
✅ sleep_session_record_table: 18 filas
✅ sleep_stages_table: 341 filas
✅ device_info_table: 1 filas
✅ application_info_table: 10 filas
✅ activity_date_table: 289 filas
✅ health_data_category_priority_table: 5 filas
✅ preference_table: 14 filas
✅ skin_temperature_record_table: 46 filas

🎉 Guardado: ./health_data.json | Tablas: 19
health_data.json actualizado con éxito por tu script.
Reiniciando contenedor health-api-container...
health-api-container
Contenedor reiniciado. Proceso completado.
------------------------------------------------
--- Actualización de Health API iniciada Thu  6 Nov 04:05:01 CET 2025 ---
✅ android_metadata: 1 filas
✅ steps_record_table: 16906 filas
✅ sqlite_sequence: 13 filas
✅ distance_record_table: 16536 filas
✅ total_calories_burned_record_table: 4836 filas
✅ heart_rate_record_table: 470 filas
✅ heart_rate_record_series_table: 16109 filas
✅ height_record_table: 1 filas
✅ weight_record_table: 1 filas
✅ resting_heart_rate_record_table: 543 filas
✅ exercise_session_record_table: 40 filas
✅ sleep_session_record_table: 18 filas
✅ sleep_stages_table: 341 filas
✅ device_info_table: 1 filas
✅ application_info_table: 10 filas
✅ activity_date_table: 289 filas
✅ health_data_category_priority_table: 5 filas
✅ preference_table: 14 filas
✅ skin_temperature_record_table: 46 filas

🎉 Guardado: ./health_data.json | Tablas: 19
health_data.json actualizado con éxito por tu script.
Reiniciando contenedor health-api-container...
health-api-container
Contenedor reiniciado. Proceso completado.
------------------------------------------------
--- Actualización de Health API iniciada Fri  7 Nov 04:05:01 CET 2025 ---
✅ android_metadata: 1 filas
✅ steps_record_table: 16906 filas
✅ sqlite_sequence: 13 filas
✅ distance_record_table: 16536 filas
✅ total_calories_burned_record_table: 4836 filas
✅ heart_rate_record_table: 470 filas
✅ heart_rate_record_series_table: 16109 filas
✅ height_record_table: 1 filas
✅ weight_record_table: 1 filas
✅ resting_heart_rate_record_table: 543 filas
✅ exercise_session_record_table: 40 filas
✅ sleep_session_record_table: 18 filas
✅ sleep_stages_table: 341 filas
✅ device_info_table: 1 filas
✅ application_info_table: 10 filas
✅ activity_date_table: 289 filas
✅ health_data_category_priority_table: 5 filas
✅ preference_table: 14 filas
✅ skin_temperature_record_table: 46 filas

🎉 Guardado: ./health_data.json | Tablas: 19
health_data.json actualizado con éxito por tu script.
Reiniciando contenedor health-api-container...
health-api-container
Contenedor reiniciado. Proceso completado.
------------------------------------------------
--- Actualización de Health API iniciada Sat  8 Nov 04:05:01 CET 2025 ---
✅ android_metadata: 1 filas
✅ steps_record_table: 16906 filas
✅ sqlite_sequence: 13 filas
✅ distance_record_table: 16536 filas
✅ total_calories_burned_record_table: 4836 filas
✅ heart_rate_record_table: 470 filas
✅ heart_rate_record_series_table: 16109 filas
✅ height_record_table: 1 filas
✅ weight_record_table: 1 filas
✅ resting_heart_rate_record_table: 543 filas
✅ exercise_session_record_table: 40 filas
✅ sleep_session_record_table: 18 filas
✅ sleep_stages_table: 341 filas
✅ device_info_table: 1 filas
✅ application_info_table: 10 filas
✅ activity_date_table: 289 filas
✅ health_data_category_priority_table: 5 filas
✅ preference_table: 14 filas
✅ skin_temperature_record_table: 46 filas

🎉 Guardado: ./health_data.json | Tablas: 19
health_data.json actualizado con éxito por tu script.
Reiniciando contenedor health-api-container...
health-api-container
Contenedor reiniciado. Proceso completado.
------------------------------------------------
--- Actualización de Health API iniciada Sun  9 Nov 04:05:01 CET 2025 ---
✅ android_metadata: 1 filas
✅ steps_record_table: 16906 filas
✅ sqlite_sequence: 13 filas
✅ distance_record_table: 16536 filas
✅ total_calories_burned_record_table: 4836 filas
✅ heart_rate_record_table: 470 filas
✅ heart_rate_record_series_table: 16109 filas
✅ height_record_table: 1 filas
✅ weight_record_table: 1 filas
✅ resting_heart_rate_record_table: 543 filas
✅ exercise_session_record_table: 40 filas
✅ sleep_session_record_table: 18 filas
✅ sleep_stages_table: 341 filas
✅ device_info_table: 1 filas
✅ application_info_table: 10 filas
✅ activity_date_table: 289 filas
✅ health_data_category_priority_table: 5 filas
✅ preference_table: 14 filas
✅ skin_temperature_record_table: 46 filas

🎉 Guardado: ./health_data.json | Tablas: 19
health_data.json actualizado con éxito por tu script.
Reiniciando contenedor health-api-container...
health-api-container
Contenedor reiniciado. Proceso completado.
------------------------------------------------
--- Actualización de Health API iniciada Mon 10 Nov 04:05:01 CET 2025 ---
✅ android_metadata: 1 filas
✅ steps_record_table: 16906 filas
✅ sqlite_sequence: 13 filas
✅ distance_record_table: 16536 filas
✅ total_calories_burned_record_table: 4836 filas
✅ heart_rate_record_table: 470 filas
✅ heart_rate_record_series_table: 16109 filas
✅ height_record_table: 1 filas
✅ weight_record_table: 1 filas
✅ resting_heart_rate_record_table: 543 filas
✅ exercise_session_record_table: 40 filas
✅ sleep_session_record_table: 18 filas
✅ sleep_stages_table: 341 filas
✅ device_info_table: 1 filas
✅ application_info_table: 10 filas
✅ activity_date_table: 289 filas
✅ health_data_category_priority_table: 5 filas
✅ preference_table: 14 filas
✅ skin_temperature_record_table: 46 filas

🎉 Guardado: ./health_data.json | Tablas: 19
health_data.json actualizado con éxito por tu script.
Reiniciando contenedor health-api-container...
health-api-container
Contenedor reiniciado. Proceso completado.
------------------------------------------------
--- Actualización de Health API iniciada Tue 11 Nov 04:05:01 CET 2025 ---
✅ android_metadata: 1 filas
✅ steps_record_table: 16906 filas
✅ sqlite_sequence: 13 filas
✅ distance_record_table: 16536 filas
✅ total_calories_burned_record_table: 4836 filas
✅ heart_rate_record_table: 470 filas
✅ heart_rate_record_series_table: 16109 filas
✅ height_record_table: 1 filas
✅ weight_record_table: 1 filas
✅ resting_heart_rate_record_table: 543 filas
✅ exercise_session_record_table: 40 filas
✅ sleep_session_record_table: 18 filas
✅ sleep_stages_table: 341 filas
✅ device_info_table: 1 filas
✅ application_info_table: 10 filas
✅ activity_date_table: 289 filas
✅ health_data_category_priority_table: 5 filas
✅ preference_table: 14 filas
✅ skin_temperature_record_table: 46 filas

🎉 Guardado: ./health_data.json | Tablas: 19
health_data.json actualizado con éxito por tu script.
Reiniciando contenedor health-api-container...
health-api-container
Contenedor reiniciado. Proceso completado.
------------------------------------------------
--- Actualización de Health API iniciada Wed 12 Nov 04:05:01 CET 2025 ---
✅ android_metadata: 1 filas
✅ steps_record_table: 16906 filas
✅ sqlite_sequence: 13 filas
✅ distance_record_table: 16536 filas
✅ total_calories_burned_record_table: 4836 filas
✅ heart_rate_record_table: 470 filas
✅ heart_rate_record_series_table: 16109 filas
✅ height_record_table: 1 filas
✅ weight_record_table: 1 filas
✅ resting_heart_rate_record_table: 543 filas
✅ exercise_session_record_table: 40 filas
✅ sleep_session_record_table: 18 filas
✅ sleep_stages_table: 341 filas
✅ device_info_table: 1 filas
✅ application_info_table: 10 filas
✅ activity_date_table: 289 filas
✅ health_data_category_priority_table: 5 filas
✅ preference_table: 14 filas
✅ skin_temperature_record_table: 46 filas

🎉 Guardado: ./health_data.json | Tablas: 19
health_data.json actualizado con éxito por tu script.
Reiniciando contenedor health-api-container...
health-api-container
Contenedor reiniciado. Proceso completado.
------------------------------------------------
--- Actualización de Health API iniciada Thu 13 Nov 04:05:01 CET 2025 ---
✅ android_metadata: 1 filas
✅ steps_record_table: 16906 filas
✅ sqlite_sequence: 13 filas
✅ distance_record_table: 16536 filas
✅ total_calories_burned_record_table: 4836 filas
✅ heart_rate_record_table: 470 filas
✅ heart_rate_record_series_table: 16109 filas
✅ height_record_table: 1 filas
✅ weight_record_table: 1 filas
✅ resting_heart_rate_record_table: 543 filas
✅ exercise_session_record_table: 40 filas
✅ sleep_session_record_table: 18 filas
✅ sleep_stages_table: 341 filas
✅ device_info_table: 1 filas
✅ application_info_table: 10 filas
✅ activity_date_table: 289 filas
✅ health_data_category_priority_table: 5 filas
✅ preference_table: 14 filas
✅ skin_temperature_record_table: 46 filas

🎉 Guardado: ./health_data.json | Tablas: 19
health_data.json actualizado con éxito por tu script.
Reiniciando contenedor health-api-container...
health-api-container
Contenedor reiniciado. Proceso completado.
------------------------------------------------
--- Actualización de Health API iniciada Fri 14 Nov 04:05:01 CET 2025 ---
✅ android_metadata: 1 filas
✅ steps_record_table: 16906 filas
✅ sqlite_sequence: 13 filas
✅ distance_record_table: 16536 filas
✅ total_calories_burned_record_table: 4836 filas
✅ heart_rate_record_table: 470 filas
✅ heart_rate_record_series_table: 16109 filas
✅ height_record_table: 1 filas
✅ weight_record_table: 1 filas
✅ resting_heart_rate_record_table: 543 filas
✅ exercise_session_record_table: 40 filas
✅ sleep_session_record_table: 18 filas
✅ sleep_stages_table: 341 filas
✅ device_info_table: 1 filas
✅ application_info_table: 10 filas
✅ activity_date_table: 289 filas
✅ health_data_category_priority_table: 5 filas
✅ preference_table: 14 filas
✅ skin_temperature_record_table: 46 filas

🎉 Guardado: ./health_data.json | Tablas: 19
health_data.json actualizado con éxito por tu script.
Reiniciando contenedor health-api-container...
health-api-container
Contenedor reiniciado. Proceso completado.
------------------------------------------------
--- Actualización de Health API iniciada Sat 15 Nov 04:05:01 CET 2025 ---
✅ android_metadata: 1 filas
✅ steps_record_table: 16906 filas
✅ sqlite_sequence: 13 filas
✅ distance_record_table: 16536 filas
✅ total_calories_burned_record_table: 4836 filas
✅ heart_rate_record_table: 470 filas
✅ heart_rate_record_series_table: 16109 filas
✅ height_record_table: 1 filas
✅ weight_record_table: 1 filas
✅ resting_heart_rate_record_table: 543 filas
✅ exercise_session_record_table: 40 filas
✅ sleep_session_record_table: 18 filas
✅ sleep_stages_table: 341 filas
✅ device_info_table: 1 filas
✅ application_info_table: 10 filas
✅ activity_date_table: 289 filas
✅ health_data_category_priority_table: 5 filas
✅ preference_table: 14 filas
✅ skin_temperature_record_table: 46 filas

🎉 Guardado: ./health_data.json | Tablas: 19
health_data.json actualizado con éxito por tu script.
Reiniciando contenedor health-api-container...
health-api-container
Contenedor reiniciado. Proceso completado.
------------------------------------------------
--- Actualización de Health API iniciada Sun 16 Nov 04:05:01 CET 2025 ---
✅ android_metadata: 1 filas
✅ steps_record_table: 16906 filas
✅ sqlite_sequence: 13 filas
✅ distance_record_table: 16536 filas
✅ total_calories_burned_record_table: 4836 filas
✅ heart_rate_record_table: 470 filas
✅ heart_rate_record_series_table: 16109 filas
✅ height_record_table: 1 filas
✅ weight_record_table: 1 filas
✅ resting_heart_rate_record_table: 543 filas
✅ exercise_session_record_table: 40 filas
✅ sleep_session_record_table: 18 filas
✅ sleep_stages_table: 341 filas
✅ device_info_table: 1 filas
✅ application_info_table: 10 filas
✅ activity_date_table: 289 filas
✅ health_data_category_priority_table: 5 filas
✅ preference_table: 14 filas
✅ skin_temperature_record_table: 46 filas

🎉 Guardado: ./health_data.json | Tablas: 19
health_data.json actualizado con éxito por tu script.
Reiniciando contenedor health-api-container...
health-api-container
Contenedor reiniciado. Proceso completado.
------------------------------------------------
--- Actualización de Health API iniciada Mon 17 Nov 04:05:01 CET 2025 ---
✅ android_metadata: 1 filas
✅ steps_record_table: 16906 filas
✅ sqlite_sequence: 13 filas
✅ distance_record_table: 16536 filas
✅ total_calories_burned_record_table: 4836 filas
✅ heart_rate_record_table: 470 filas
✅ heart_rate_record_series_table: 16109 filas
✅ height_record_table: 1 filas
✅ weight_record_table: 1 filas
✅ resting_heart_rate_record_table: 543 filas
✅ exercise_session_record_table: 40 filas
✅ sleep_session_record_table: 18 filas
✅ sleep_stages_table: 341 filas
✅ device_info_table: 1 filas
✅ application_info_table: 10 filas
✅ activity_date_table: 289 filas
✅ health_data_category_priority_table: 5 filas
✅ preference_table: 14 filas
✅ skin_temperature_record_table: 46 filas

🎉 Guardado: ./health_data.json | Tablas: 19
health_data.json actualizado con éxito por tu script.
Reiniciando contenedor health-api-container...
health-api-container
Contenedor reiniciado. Proceso completado.
------------------------------------------------
--- Actualización de Health API iniciada Tue 18 Nov 04:05:01 CET 2025 ---
✅ android_metadata: 1 filas
✅ steps_record_table: 16906 filas
✅ sqlite_sequence: 13 filas
✅ distance_record_table: 16536 filas
✅ total_calories_burned_record_table: 4836 filas
✅ heart_rate_record_table: 470 filas
✅ heart_rate_record_series_table: 16109 filas
✅ height_record_table: 1 filas
✅ weight_record_table: 1 filas
✅ resting_heart_rate_record_table: 543 filas
✅ exercise_session_record_table: 40 filas
✅ sleep_session_record_table: 18 filas
✅ sleep_stages_table: 341 filas
✅ device_info_table: 1 filas
✅ application_info_table: 10 filas
✅ activity_date_table: 289 filas
✅ health_data_category_priority_table: 5 filas
✅ preference_table: 14 filas
✅ skin_temperature_record_table: 46 filas

🎉 Guardado: ./health_data.json | Tablas: 19
health_data.json actualizado con éxito por tu script.
Reiniciando contenedor health-api-container...
health-api-container
Contenedor reiniciado. Proceso completado.
------------------------------------------------
--- Actualización de Health API iniciada Wed 19 Nov 04:05:01 CET 2025 ---
✅ android_metadata: 1 filas
✅ steps_record_table: 16906 filas
✅ sqlite_sequence: 13 filas
✅ distance_record_table: 16536 filas
✅ total_calories_burned_record_table: 4836 filas
✅ heart_rate_record_table: 470 filas
✅ heart_rate_record_series_table: 16109 filas
✅ height_record_table: 1 filas
✅ weight_record_table: 1 filas
✅ resting_heart_rate_record_table: 543 filas
✅ exercise_session_record_table: 40 filas
✅ sleep_session_record_table: 18 filas
✅ sleep_stages_table: 341 filas
✅ device_info_table: 1 filas
✅ application_info_table: 10 filas
✅ activity_date_table: 289 filas
✅ health_data_category_priority_table: 5 filas
✅ preference_table: 14 filas
✅ skin_temperature_record_table: 46 filas

🎉 Guardado: ./health_data.json | Tablas: 19
health_data.json actualizado con éxito por tu script.
Reiniciando contenedor health-api-container...
health-api-container
Contenedor reiniciado. Proceso completado.
------------------------------------------------
--- Actualización de Health API iniciada Thu 20 Nov 04:05:01 CET 2025 ---
✅ android_metadata: 1 filas
✅ steps_record_table: 16906 filas
✅ sqlite_sequence: 13 filas
✅ distance_record_table: 16536 filas
✅ total_calories_burned_record_table: 4836 filas
✅ heart_rate_record_table: 470 filas
✅ heart_rate_record_series_table: 16109 filas
✅ height_record_table: 1 filas
✅ weight_record_table: 1 filas
✅ resting_heart_rate_record_table: 543 filas
✅ exercise_session_record_table: 40 filas
✅ sleep_session_record_table: 18 filas
✅ sleep_stages_table: 341 filas
✅ device_info_table: 1 filas
✅ application_info_table: 10 filas
✅ activity_date_table: 289 filas
✅ health_data_category_priority_table: 5 filas
✅ preference_table: 14 filas
✅ skin_temperature_record_table: 46 filas

🎉 Guardado: ./health_data.json | Tablas: 19
health_data.json actualizado con éxito por tu script.
Reiniciando contenedor health-api-container...
health-api-container
Contenedor reiniciado. Proceso completado.
------------------------------------------------
--- Actualización de Health API iniciada Fri 21 Nov 04:05:01 CET 2025 ---
✅ android_metadata: 1 filas
✅ steps_record_table: 16906 filas
✅ sqlite_sequence: 13 filas
✅ distance_record_table: 16536 filas
✅ total_calories_burned_record_table: 4836 filas
✅ heart_rate_record_table: 470 filas
✅ heart_rate_record_series_table: 16109 filas
✅ height_record_table: 1 filas
✅ weight_record_table: 1 filas
✅ resting_heart_rate_record_table: 543 filas
✅ exercise_session_record_table: 40 filas
✅ sleep_session_record_table: 18 filas
✅ sleep_stages_table: 341 filas
✅ device_info_table: 1 filas
✅ application_info_table: 10 filas
✅ activity_date_table: 289 filas
✅ health_data_category_priority_table: 5 filas
✅ preference_table: 14 filas
✅ skin_temperature_record_table: 46 filas

🎉 Guardado: ./health_data.json | Tablas: 19
health_data.json actualizado con éxito por tu script.
Reiniciando contenedor health-api-container...
health-api-container
Contenedor reiniciado. Proceso completado.
------------------------------------------------
--- Actualización de Health API iniciada Sat 22 Nov 04:05:01 CET 2025 ---
✅ android_metadata: 1 filas
✅ steps_record_table: 16906 filas
✅ sqlite_sequence: 13 filas
✅ distance_record_table: 16536 filas
✅ total_calories_burned_record_table: 4836 filas
✅ heart_rate_record_table: 470 filas
✅ heart_rate_record_series_table: 16109 filas
✅ height_record_table: 1 filas
✅ weight_record_table: 1 filas
✅ resting_heart_rate_record_table: 543 filas
✅ exercise_session_record_table: 40 filas
✅ sleep_session_record_table: 18 filas
✅ sleep_stages_table: 341 filas
✅ device_info_table: 1 filas
✅ application_info_table: 10 filas
✅ activity_date_table: 289 filas
✅ health_data_category_priority_table: 5 filas
✅ preference_table: 14 filas
✅ skin_temperature_record_table: 46 filas

🎉 Guardado: ./health_data.json | Tablas: 19
health_data.json actualizado con éxito por tu script.
Reiniciando contenedor health-api-container...
health-api-container
Contenedor reiniciado. Proceso completado.
------------------------------------------------
--- Actualización de Health API iniciada Sun 23 Nov 04:05:01 CET 2025 ---
✅ android_metadata: 1 filas
✅ steps_record_table: 16906 filas
✅ sqlite_sequence: 13 filas
✅ distance_record_table: 16536 filas
✅ total_calories_burned_record_table: 4836 filas
✅ heart_rate_record_table: 470 filas
✅ heart_rate_record_series_table: 16109 filas
✅ height_record_table: 1 filas
✅ weight_record_table: 1 filas
✅ resting_heart_rate_record_table: 543 filas
✅ exercise_session_record_table: 40 filas
✅ sleep_session_record_table: 18 filas
✅ sleep_stages_table: 341 filas
✅ device_info_table: 1 filas
✅ application_info_table: 10 filas
✅ activity_date_table: 289 filas
✅ health_data_category_priority_table: 5 filas
✅ preference_table: 14 filas
✅ skin_temperature_record_table: 46 filas

🎉 Guardado: ./health_data.json | Tablas: 19
health_data.json actualizado con éxito por tu script.
Reiniciando contenedor health-api-container...
health-api-container
Contenedor reiniciado. Proceso completado.
------------------------------------------------
--- Actualización de Health API iniciada Mon 24 Nov 04:05:02 CET 2025 ---
✅ android_metadata: 1 filas
✅ steps_record_table: 16906 filas
✅ sqlite_sequence: 13 filas
✅ distance_record_table: 16536 filas
✅ total_calories_burned_record_table: 4836 filas
✅ heart_rate_record_table: 470 filas
✅ heart_rate_record_series_table: 16109 filas
✅ height_record_table: 1 filas
✅ weight_record_table: 1 filas
✅ resting_heart_rate_record_table: 543 filas
✅ exercise_session_record_table: 40 filas
✅ sleep_session_record_table: 18 filas
✅ sleep_stages_table: 341 filas
✅ device_info_table: 1 filas
✅ application_info_table: 10 filas
✅ activity_date_table: 289 filas
✅ health_data_category_priority_table: 5 filas
✅ preference_table: 14 filas
✅ skin_temperature_record_table: 46 filas

🎉 Guardado: ./health_data.json | Tablas: 19
health_data.json actualizado con éxito por tu script.
Reiniciando contenedor health-api-container...
health-api-container
Contenedor reiniciado. Proceso completado.
------------------------------------------------
--- Actualización de Health API iniciada Tue 25 Nov 04:05:01 CET 2025 ---
✅ android_metadata: 1 filas
✅ steps_record_table: 16906 filas
✅ sqlite_sequence: 13 filas
✅ distance_record_table: 16536 filas
✅ total_calories_burned_record_table: 4836 filas
✅ heart_rate_record_table: 470 filas
✅ heart_rate_record_series_table: 16109 filas
✅ height_record_table: 1 filas
✅ weight_record_table: 1 filas
✅ resting_heart_rate_record_table: 543 filas
✅ exercise_session_record_table: 40 filas
✅ sleep_session_record_table: 18 filas
✅ sleep_stages_table: 341 filas
✅ device_info_table: 1 filas
✅ application_info_table: 10 filas
✅ activity_date_table: 289 filas
✅ health_data_category_priority_table: 5 filas
✅ preference_table: 14 filas
✅ skin_temperature_record_table: 46 filas

🎉 Guardado: ./health_data.json | Tablas: 19
health_data.json actualizado con éxito por tu script.
Reiniciando contenedor health-api-container...
health-api-container
Contenedor reiniciado. Proceso completado.
------------------------------------------------
--- Actualización de Health API iniciada Wed 26 Nov 04:05:01 CET 2025 ---
✅ android_metadata: 1 filas
✅ steps_record_table: 16906 filas
✅ sqlite_sequence: 13 filas
✅ distance_record_table: 16536 filas
✅ total_calories_burned_record_table: 4836 filas
✅ heart_rate_record_table: 470 filas
✅ heart_rate_record_series_table: 16109 filas
✅ height_record_table: 1 filas
✅ weight_record_table: 1 filas
✅ resting_heart_rate_record_table: 543 filas
✅ exercise_session_record_table: 40 filas
✅ sleep_session_record_table: 18 filas
✅ sleep_stages_table: 341 filas
✅ device_info_table: 1 filas
✅ application_info_table: 10 filas
✅ activity_date_table: 289 filas
✅ health_data_category_priority_table: 5 filas
✅ preference_table: 14 filas
✅ skin_temperature_record_table: 46 filas

🎉 Guardado: ./health_data.json | Tablas: 19
health_data.json actualizado con éxito por tu script.
Reiniciando contenedor health-api-container...
health-api-container
Contenedor reiniciado. Proceso completado.
------------------------------------------------
--- Actualización de Health API iniciada Thu 27 Nov 04:05:01 CET 2025 ---
✅ android_metadata: 1 filas
✅ steps_record_table: 16906 filas
✅ sqlite_sequence: 13 filas
✅ distance_record_table: 16536 filas
✅ total_calories_burned_record_table: 4836 filas
✅ heart_rate_record_table: 470 filas
✅ heart_rate_record_series_table: 16109 filas
✅ height_record_table: 1 filas
✅ weight_record_table: 1 filas
✅ resting_heart_rate_record_table: 543 filas
✅ exercise_session_record_table: 40 filas
✅ sleep_session_record_table: 18 filas
✅ sleep_stages_table: 341 filas
✅ device_info_table: 1 filas
✅ application_info_table: 10 filas
✅ activity_date_table: 289 filas
✅ health_data_category_priority_table: 5 filas
✅ preference_table: 14 filas
✅ skin_temperature_record_table: 46 filas

🎉 Guardado: ./health_data.json | Tablas: 19
health_data.json actualizado con éxito por tu script.
Reiniciando contenedor health-api-container...
health-api-container
Contenedor reiniciado. Proceso completado.
------------------------------------------------
--- Actualización de Health API iniciada Fri 28 Nov 04:05:01 CET 2025 ---
✅ android_metadata: 1 filas
✅ steps_record_table: 16906 filas
✅ sqlite_sequence: 13 filas
✅ distance_record_table: 16536 filas
✅ total_calories_burned_record_table: 4836 filas
✅ heart_rate_record_table: 470 filas
✅ heart_rate_record_series_table: 16109 filas
✅ height_record_table: 1 filas
✅ weight_record_table: 1 filas
✅ resting_heart_rate_record_table: 543 filas
✅ exercise_session_record_table: 40 filas
✅ sleep_session_record_table: 18 filas
✅ sleep_stages_table: 341 filas
✅ device_info_table: 1 filas
✅ application_info_table: 10 filas
✅ activity_date_table: 289 filas
✅ health_data_category_priority_table: 5 filas
✅ preference_table: 14 filas
✅ skin_temperature_record_table: 46 filas

🎉 Guardado: ./health_data.json | Tablas: 19
health_data.json actualizado con éxito por tu script.
Reiniciando contenedor health-api-container...
health-api-container
Contenedor reiniciado. Proceso completado.
------------------------------------------------
--- Actualización de Health API iniciada Sat 29 Nov 04:05:01 CET 2025 ---
✅ android_metadata: 1 filas
✅ steps_record_table: 16906 filas
✅ sqlite_sequence: 13 filas
✅ distance_record_table: 16536 filas
✅ total_calories_burned_record_table: 4836 filas
✅ heart_rate_record_table: 470 filas
✅ heart_rate_record_series_table: 16109 filas
✅ height_record_table: 1 filas
✅ weight_record_table: 1 filas
✅ resting_heart_rate_record_table: 543 filas
✅ exercise_session_record_table: 40 filas
✅ sleep_session_record_table: 18 filas
✅ sleep_stages_table: 341 filas
✅ device_info_table: 1 filas
✅ application_info_table: 10 filas
✅ activity_date_table: 289 filas
✅ health_data_category_priority_table: 5 filas
✅ preference_table: 14 filas
✅ skin_temperature_record_table: 46 filas

🎉 Guardado: ./health_data.json | Tablas: 19
health_data.json actualizado con éxito por tu script.
Reiniciando contenedor health-api-container...
health-api-container
Contenedor reiniciado. Proceso completado.
------------------------------------------------
--- Actualización de Health API iniciada Sun 30 Nov 04:05:01 CET 2025 ---
✅ android_metadata: 1 filas
✅ steps_record_table: 16906 filas
✅ sqlite_sequence: 13 filas
✅ distance_record_table: 16536 filas
✅ total_calories_burned_record_table: 4836 filas
✅ heart_rate_record_table: 470 filas
✅ heart_rate_record_series_table: 16109 filas
✅ height_record_table: 1 filas
✅ weight_record_table: 1 filas
✅ resting_heart_rate_record_table: 543 filas
✅ exercise_session_record_table: 40 filas
✅ sleep_session_record_table: 18 filas
✅ sleep_stages_table: 341 filas
✅ device_info_table: 1 filas
✅ application_info_table: 10 filas
✅ activity_date_table: 289 filas
✅ health_data_category_priority_table: 5 filas
✅ preference_table: 14 filas
✅ skin_temperature_record_table: 46 filas

🎉 Guardado: ./health_data.json | Tablas: 19
health_data.json actualizado con éxito por tu script.
Reiniciando contenedor health-api-container...
health-api-container
Contenedor reiniciado. Proceso completado.
------------------------------------------------
--- Actualización de Health API iniciada Mon  1 Dec 04:05:01 CET 2025 ---
✅ android_metadata: 1 filas
✅ steps_record_table: 16906 filas
✅ sqlite_sequence: 13 filas
✅ distance_record_table: 16536 filas
✅ total_calories_burned_record_table: 4836 filas
✅ heart_rate_record_table: 470 filas
✅ heart_rate_record_series_table: 16109 filas
✅ height_record_table: 1 filas
✅ weight_record_table: 1 filas
✅ resting_heart_rate_record_table: 543 filas
✅ exercise_session_record_table: 40 filas
✅ sleep_session_record_table: 18 filas
✅ sleep_stages_table: 341 filas
✅ device_info_table: 1 filas
✅ application_info_table: 10 filas
✅ activity_date_table: 289 filas
✅ health_data_category_priority_table: 5 filas
✅ preference_table: 14 filas
✅ skin_temperature_record_table: 46 filas

🎉 Guardado: ./health_data.json | Tablas: 19
health_data.json actualizado con éxito por tu script.
Reiniciando contenedor health-api-container...
health-api-container
Contenedor reiniciado. Proceso completado.
------------------------------------------------
--- Actualización de Health API iniciada Tue  2 Dec 04:05:01 CET 2025 ---
✅ android_metadata: 1 filas
✅ steps_record_table: 16906 filas
✅ sqlite_sequence: 13 filas
✅ distance_record_table: 16536 filas
✅ total_calories_burned_record_table: 4836 filas
✅ heart_rate_record_table: 470 filas
✅ heart_rate_record_series_table: 16109 filas
✅ height_record_table: 1 filas
✅ weight_record_table: 1 filas
✅ resting_heart_rate_record_table: 543 filas
✅ exercise_session_record_table: 40 filas
✅ sleep_session_record_table: 18 filas
✅ sleep_stages_table: 341 filas
✅ device_info_table: 1 filas
✅ application_info_table: 10 filas
✅ activity_date_table: 289 filas
✅ health_data_category_priority_table: 5 filas
✅ preference_table: 14 filas
✅ skin_temperature_record_table: 46 filas

🎉 Guardado: ./health_data.json | Tablas: 19
health_data.json actualizado con éxito por tu script.
Reiniciando contenedor health-api-container...
health-api-container
Contenedor reiniciado. Proceso completado.
------------------------------------------------
--- Actualización de Health API iniciada Wed  3 Dec 04:05:01 CET 2025 ---
✅ android_metadata: 1 filas
✅ steps_record_table: 16906 filas
✅ sqlite_sequence: 13 filas
✅ distance_record_table: 16536 filas
✅ total_calories_burned_record_table: 4836 filas
✅ heart_rate_record_table: 470 filas
✅ heart_rate_record_series_table: 16109 filas
✅ height_record_table: 1 filas
✅ weight_record_table: 1 filas
✅ resting_heart_rate_record_table: 543 filas
✅ exercise_session_record_table: 40 filas
✅ sleep_session_record_table: 18 filas
✅ sleep_stages_table: 341 filas
✅ device_info_table: 1 filas
✅ application_info_table: 10 filas
✅ activity_date_table: 289 filas
✅ health_data_category_priority_table: 5 filas
✅ preference_table: 14 filas
✅ skin_temperature_record_table: 46 filas

🎉 Guardado: ./health_data.json | Tablas: 19
health_data.json actualizado con éxito por tu script.
Reiniciando contenedor health-api-container...
health-api-container
Contenedor reiniciado. Proceso completado.
------------------------------------------------
--- Actualización de Health API iniciada Thu  4 Dec 04:05:01 CET 2025 ---
✅ android_metadata: 1 filas
✅ steps_record_table: 16906 filas
✅ sqlite_sequence: 13 filas
✅ distance_record_table: 16536 filas
✅ total_calories_burned_record_table: 4836 filas
✅ heart_rate_record_table: 470 filas
✅ heart_rate_record_series_table: 16109 filas
✅ height_record_table: 1 filas
✅ weight_record_table: 1 filas
✅ resting_heart_rate_record_table: 543 filas
✅ exercise_session_record_table: 40 filas
✅ sleep_session_record_table: 18 filas
✅ sleep_stages_table: 341 filas
✅ device_info_table: 1 filas
✅ application_info_table: 10 filas
✅ activity_date_table: 289 filas
✅ health_data_category_priority_table: 5 filas
✅ preference_table: 14 filas
✅ skin_temperature_record_table: 46 filas

🎉 Guardado: ./health_data.json | Tablas: 19
health_data.json actualizado con éxito por tu script.
Reiniciando contenedor health-api-container...
health-api-container
Contenedor reiniciado. Proceso completado.
------------------------------------------------
--- Actualización de Health API iniciada Fri  5 Dec 04:05:01 CET 2025 ---
✅ android_metadata: 1 filas
✅ steps_record_table: 16906 filas
✅ sqlite_sequence: 13 filas
✅ distance_record_table: 16536 filas
✅ total_calories_burned_record_table: 4836 filas
✅ heart_rate_record_table: 470 filas
✅ heart_rate_record_series_table: 16109 filas
✅ height_record_table: 1 filas
✅ weight_record_table: 1 filas
✅ resting_heart_rate_record_table: 543 filas
✅ exercise_session_record_table: 40 filas
✅ sleep_session_record_table: 18 filas
✅ sleep_stages_table: 341 filas
✅ device_info_table: 1 filas
✅ application_info_table: 10 filas
✅ activity_date_table: 289 filas
✅ health_data_category_priority_table: 5 filas
✅ preference_table: 14 filas
✅ skin_temperature_record_table: 46 filas

🎉 Guardado: ./health_data.json | Tablas: 19
health_data.json actualizado con éxito por tu script.
Reiniciando contenedor health-api-container...
health-api-container
Contenedor reiniciado. Proceso completado.
------------------------------------------------
--- Actualización de Health API iniciada Sat  6 Dec 04:05:01 CET 2025 ---
✅ android_metadata: 1 filas
✅ steps_record_table: 16906 filas
✅ sqlite_sequence: 13 filas
✅ distance_record_table: 16536 filas
✅ total_calories_burned_record_table: 4836 filas
✅ heart_rate_record_table: 470 filas
✅ heart_rate_record_series_table: 16109 filas
✅ height_record_table: 1 filas
✅ weight_record_table: 1 filas
✅ resting_heart_rate_record_table: 543 filas
✅ exercise_session_record_table: 40 filas
✅ sleep_session_record_table: 18 filas
✅ sleep_stages_table: 341 filas
✅ device_info_table: 1 filas
✅ application_info_table: 10 filas
✅ activity_date_table: 289 filas
✅ health_data_category_priority_table: 5 filas
✅ preference_table: 14 filas
✅ skin_temperature_record_table: 46 filas

🎉 Guardado: ./health_data.json | Tablas: 19
health_data.json actualizado con éxito por tu script.
Reiniciando contenedor health-api-container...
health-api-container
Contenedor reiniciado. Proceso completado.
------------------------------------------------
--- Actualización de Health API iniciada Sun  7 Dec 04:05:01 CET 2025 ---
✅ android_metadata: 1 filas
✅ steps_record_table: 16906 filas
✅ sqlite_sequence: 13 filas
✅ distance_record_table: 16536 filas
✅ total_calories_burned_record_table: 4836 filas
✅ heart_rate_record_table: 470 filas
✅ heart_rate_record_series_table: 16109 filas
✅ height_record_table: 1 filas
✅ weight_record_table: 1 filas
✅ resting_heart_rate_record_table: 543 filas
✅ exercise_session_record_table: 40 filas
✅ sleep_session_record_table: 18 filas
✅ sleep_stages_table: 341 filas
✅ device_info_table: 1 filas
✅ application_info_table: 10 filas
✅ activity_date_table: 289 filas
✅ health_data_category_priority_table: 5 filas
✅ preference_table: 14 filas
✅ skin_temperature_record_table: 46 filas

🎉 Guardado: ./health_data.json | Tablas: 19
health_data.json actualizado con éxito por tu script.
Reiniciando contenedor health-api-container...
health-api-container
Contenedor reiniciado. Proceso completado.
------------------------------------------------
--- Actualización de Health API iniciada Mon  8 Dec 04:05:01 CET 2025 ---
✅ android_metadata: 1 filas
✅ steps_record_table: 16906 filas
✅ sqlite_sequence: 13 filas
✅ distance_record_table: 16536 filas
✅ total_calories_burned_record_table: 4836 filas
✅ heart_rate_record_table: 470 filas
✅ heart_rate_record_series_table: 16109 filas
✅ height_record_table: 1 filas
✅ weight_record_table: 1 filas
✅ resting_heart_rate_record_table: 543 filas
✅ exercise_session_record_table: 40 filas
✅ sleep_session_record_table: 18 filas
✅ sleep_stages_table: 341 filas
✅ device_info_table: 1 filas
✅ application_info_table: 10 filas
✅ activity_date_table: 289 filas
✅ health_data_category_priority_table: 5 filas
✅ preference_table: 14 filas
✅ skin_temperature_record_table: 46 filas

🎉 Guardado: ./health_data.json | Tablas: 19
health_data.json actualizado con éxito por tu script.
Reiniciando contenedor health-api-container...
health-api-container
Contenedor reiniciado. Proceso completado.
------------------------------------------------
--- Actualización de Health API iniciada Tue  9 Dec 04:05:01 CET 2025 ---
✅ android_metadata: 1 filas
✅ steps_record_table: 16906 filas
✅ sqlite_sequence: 13 filas
✅ distance_record_table: 16536 filas
✅ total_calories_burned_record_table: 4836 filas
✅ heart_rate_record_table: 470 filas
✅ heart_rate_record_series_table: 16109 filas
✅ height_record_table: 1 filas
✅ weight_record_table: 1 filas
✅ resting_heart_rate_record_table: 543 filas
✅ exercise_session_record_table: 40 filas
✅ sleep_session_record_table: 18 filas
✅ sleep_stages_table: 341 filas
✅ device_info_table: 1 filas
✅ application_info_table: 10 filas
✅ activity_date_table: 289 filas
✅ health_data_category_priority_table: 5 filas
✅ preference_table: 14 filas
✅ skin_temperature_record_table: 46 filas

🎉 Guardado: ./health_data.json | Tablas: 19
health_data.json actualizado con éxito por tu script.
Reiniciando contenedor health-api-container...
health-api-container
Contenedor reiniciado. Proceso completado.
------------------------------------------------
--- Actualización de Health API iniciada Wed 10 Dec 04:05:01 CET 2025 ---
✅ android_metadata: 1 filas
✅ steps_record_table: 16906 filas
✅ sqlite_sequence: 13 filas
✅ distance_record_table: 16536 filas
✅ total_calories_burned_record_table: 4836 filas
✅ heart_rate_record_table: 470 filas
✅ heart_rate_record_series_table: 16109 filas
✅ height_record_table: 1 filas
✅ weight_record_table: 1 filas
✅ resting_heart_rate_record_table: 543 filas
✅ exercise_session_record_table: 40 filas
✅ sleep_session_record_table: 18 filas
✅ sleep_stages_table: 341 filas
✅ device_info_table: 1 filas
✅ application_info_table: 10 filas
✅ activity_date_table: 289 filas
✅ health_data_category_priority_table: 5 filas
✅ preference_table: 14 filas
✅ skin_temperature_record_table: 46 filas

🎉 Guardado: ./health_data.json | Tablas: 19
health_data.json actualizado con éxito por tu script.
Reiniciando contenedor health-api-container...
health-api-container
Contenedor reiniciado. Proceso completado.
------------------------------------------------
